<?xml version="1.0" encoding="UTF-8"?>
<!-- Generated by org.testng.reporters.JUnitReportReporter -->
<testsuite skipped="0" hostname="Assuresofts-MacBook-Pro.local" name="Tests_POST" tests="1" failures="0" timestamp="2023-03-09T12:17:42 BRT" time="2.030" errors="0">
  <testcase name="test_1_post" time="2.030" classname="Tests_POST"/>
  <system-out/>
</testsuite> <!-- Tests_POST -->
