<?xml version="1.0" encoding="UTF-8"?>
<!-- Generated by org.testng.reporters.JUnitReportReporter -->
<testsuite skipped="0" hostname="Assuresofts-MacBook-Pro.local" name="Tests_GET" tests="1" failures="0" timestamp="2023-03-06T22:37:29 BRT" time="2.516" errors="0">
  <testcase name="test_03" time="2.516" classname="Tests_GET"/>
  <system-out/>
</testsuite> <!-- Tests_GET -->
