<?xml version="1.0" encoding="UTF-8"?>
<!-- Generated by org.testng.reporters.JUnitReportReporter -->
<testsuite skipped="0" hostname="Assuresofts-MacBook-Pro.local" name="Tests_GET" tests="1" failures="0" timestamp="2023-03-09T12:17:42 BRT" time="1.019" errors="0">
  <testcase name="test_03" time="1.019" classname="Tests_GET"/>
  <system-out/>
</testsuite> <!-- Tests_GET -->
