<?xml version="1.0" encoding="UTF-8"?>
<!-- Generated by org.testng.reporters.JUnitReportReporter -->
<testsuite skipped="0" hostname="Assuresofts-MacBook-Pro.local" name="Test01_GET" tests="2" failures="0" timestamp="2023-03-06T22:37:29 BRT" time="0.319" errors="0">
  <testcase name="test_01" time="0.148" classname="Test01_GET"/>
  <system-out/>
  <testcase name="test_02" time="0.171" classname="Test01_GET"/>
  <system-out/>
</testsuite> <!-- Test01_GET -->
